<testsuite failures="1" name="src/test/java/featureFiles/KarateTestSuite03.feature" skipped="0" tests="1" time="0.00834">
  <testcase classname="src.test.java.featureFiles.KarateTestSuite03" name="XML Case7" time="0.00834">
    <failure message="KarateTestSuite03.feature:83 - evaluation (js) failed: eval( xml/info/tool[1]/name, javax.script.ScriptException: &lt;eval&gt;:1:27 Expected , but found eof&#13;&#10;eval( xml/info/tool[1]/name&#13;&#10;                           ^ in &lt;eval&gt; at line number 1 at column number 27&#10;stack trace: jdk.nashorn.api.scripting.NashornScriptEngine.throwAsScriptException(NashornScriptEngine.java:470)">Given def xml = ........................................................... passed
* match eval( xml/info/tool[1]/name == "Karate" ) &amp;&amp; eval( xml/info/tool[2]/name == "IntelliJ" ) . failed

Stack Trace:
com.intuit.karate.exception.KarateException: KarateTestSuite03.feature:83 - evaluation (js) failed: eval( xml/info/tool[1]/name, javax.script.ScriptException: &lt;eval&gt;:1:27 Expected , but found eof&#13;
eval( xml/info/tool[1]/name&#13;
                           ^ in &lt;eval&gt; at line number 1 at column number 27
stack trace: jdk.nashorn.api.scripting.NashornScriptEngine.throwAsScriptException(NashornScriptEngine.java:470)&#13;
	at âœ½.* match eval( xml/info/tool[1]/name == "Karate" ) &amp;&amp; eval( xml/info/tool[2]/name == "IntelliJ" ) (KarateTestSuite03.feature:83)</failure>
  </testcase>
</testsuite>
