<testsuite failures="0" name="src/test/java/featureFiles/Karate23UsingConfigFile.feature" skipped="0" tests="1" time="0.702769">
  <testcase classname="src.test.java.featureFiles.Karate23UsingConfigFile" name="Karate Config Test Case" time="0.702769">
    <system-out>Given url baseUrl ......................................................... passed
And path listUsers ........................................................ passed
When method get ........................................................... passed
Then status 200 ........................................................... passed
* print response .......................................................... passed</system-out>
  </testcase>
</testsuite>
