<testsuite failures="0" name="src/test/java/featureFiles/Karate07.feature" skipped="0" tests="1" time="0.015464">
  <testcase classname="src.test.java.featureFiles.Karate07" name="Validate the data type of variable" time="0.015464">
    <system-out>* def a = 10 .............................................................. passed
* def b = "karate" ........................................................ passed
* def c = true ............................................................ passed
* match a == "#number" .................................................... passed
* match b == "#string" .................................................... passed
* match c == "#boolean" ................................................... passed</system-out>
  </testcase>
</testsuite>
