<testsuite failures="0" name="src/test/java/featureFiles/Karate04SoapApi.feature" skipped="0" tests="1" time="1.183789">
  <testcase classname="src.test.java.featureFiles.Karate04SoapApi" name="Soap API Case2" time="1.183789">
    <system-out>Given url "http://www.dneonline.com/calculator.asmx" ...................... passed
And header Content-Type = "text/xml; charset=utf-8" ....................... passed
And request ............................................................... passed
When soap action "http://tempuri.org/Add" ................................. passed
Then status 200 ........................................................... passed
* print responseHeaders ................................................... passed
* print responseType ...................................................... passed
* print response .......................................................... passed
* print responseTime ...................................................... passed
* print responseStatus .................................................... passed
* print responseHeaders["Server"] ......................................... passed
* print responseHeaders["Server"][0] ...................................... passed
* match responseHeaders["Server"] == ["Microsoft-IIS/8.0"] ................ passed
* match responseHeaders["Server"][0] == "Microsoft-IIS/8.0" ............... passed
* match response contains "25" ............................................ passed
* match response //AddResult == "25" ...................................... passed</system-out>
  </testcase>
</testsuite>
