<testsuite failures="0" name="src/test/java/featureFiles/Karate10RestApiJson.feature" skipped="0" tests="1" time="1.920513">
  <testcase classname="src.test.java.featureFiles.Karate10RestApiJson" name="Rest API Test Case2" time="1.920513">
    <system-out>Given url "http://dummy.restapiexample.com" ............................... passed
And path "/api/v1/employees" .............................................. passed
When method get ........................................................... passed
Then status 200 ........................................................... passed
* match responseType == "json" ............................................ passed
* match response.status == "success" ...................................... passed
* match response.data[0].employee_name == "Tiger Nixon" ................... passed
* match response.status == "#string" ...................................... passed</system-out>
  </testcase>
</testsuite>
