<testsuite failures="0" name="src/test/java/featureFiles/karate01.feature" skipped="0" tests="3" time="0.133488">
  <testcase classname="src.test.java.featureFiles.karate01" name="karate Test Case1" time="0.123958">
    <system-out>Given def a = 10 .......................................................... passed
And def b = 20 ............................................................ passed
When def c = a + b ........................................................ passed
Then assert c == 30 ....................................................... passed
And print "c = ", c ....................................................... passed
And karate.log("End of the Test1.") ....................................... passed</system-out>
  </testcase>
  <testcase classname="src.test.java.featureFiles.karate01" name="karate Test Case2" time="0.005154">
    <system-out>Given def a = 10 .......................................................... passed
And def b = 20 ............................................................ passed
When def c = a + b ........................................................ passed
Then assert c == 30 ....................................................... passed
And print "c = ", c ....................................................... passed
And karate.log("End of the Test1.") ....................................... passed
Given def a = 10 .......................................................... passed
* def b = 20 .............................................................. passed
When def c = a + b ........................................................ passed
Then assert c == 30 ....................................................... passed
* print "c = ", c ......................................................... passed
* karate.log("End of the Test2.") ......................................... passed</system-out>
  </testcase>
  <testcase classname="src.test.java.featureFiles.karate01" name="karate Test Case3" time="0.004376">
    <system-out>Given def a = 10 .......................................................... passed
And def b = 20 ............................................................ passed
When def c = a + b ........................................................ passed
Then assert c == 30 ....................................................... passed
And print "c = ", c ....................................................... passed
And karate.log("End of the Test1.") ....................................... passed
Given def a = 10 .......................................................... passed
* def b = 20 .............................................................. passed
When def c = a + b ........................................................ passed
Then assert c == 30 ....................................................... passed
* print "c = ", c ......................................................... passed
* karate.log("End of the Test2.") ......................................... passed
* def a = 10 .............................................................. passed
* def b = 20 .............................................................. passed
* def c = a + b ........................................................... passed
* assert c == 30 .......................................................... passed
* print "c = ", c ......................................................... passed
* karate.log("End of the Test3.") ......................................... passed</system-out>
  </testcase>
</testsuite>
