<testsuite failures="0" name="featureFiles/KarateTestSuite01.feature" skipped="0" tests="3" time="0.025157">
  <testcase classname="featureFiles.KarateTestSuite01" name="karate Test Case1" time="0.015741">
    <system-out>Given def a = 10 .......................................................... passed
And def b = 20 ............................................................ passed
When def c = a + b ........................................................ passed
Then assert c == 30 ....................................................... passed
And print "c = ", c ....................................................... passed
And karate.log("End of the Test1.") ....................................... passed</system-out>
  </testcase>
  <testcase classname="featureFiles.KarateTestSuite01" name="karate Test Case2" time="0.007007">
    <system-out>Given def a = 10 .......................................................... passed
And def b = 20 ............................................................ passed
When def c = a + b ........................................................ passed
Then assert c == 30 ....................................................... passed
And print "c = ", c ....................................................... passed
And karate.log("End of the Test1.") ....................................... passed
Given def a = 10 .......................................................... passed
* def b = 20 .............................................................. passed
When def c = a + b ........................................................ passed
Then assert c == 30 ....................................................... passed
* print "c = ", c ......................................................... passed
* karate.log("End of the Test2.") ......................................... passed</system-out>
  </testcase>
  <testcase classname="featureFiles.KarateTestSuite01" name="karate Test Case3" time="0.002409">
    <system-out>Given def a = 10 .......................................................... passed
And def b = 20 ............................................................ passed
When def c = a + b ........................................................ passed
Then assert c == 30 ....................................................... passed
And print "c = ", c ....................................................... passed
And karate.log("End of the Test1.") ....................................... passed
Given def a = 10 .......................................................... passed
* def b = 20 .............................................................. passed
When def c = a + b ........................................................ passed
Then assert c == 30 ....................................................... passed
* print "c = ", c ......................................................... passed
* karate.log("End of the Test2.") ......................................... passed
* def a = 10 .............................................................. passed
* def b = 20 .............................................................. passed
* def c = a + b ........................................................... passed
* assert c == 30 .......................................................... passed
* print "c = ", c ......................................................... passed
* karate.log("End of the Test3.") ......................................... passed</system-out>
  </testcase>
</testsuite>
