<testsuite failures="0" name="featureFiles/Karate06.feature" skipped="0" tests="1" time="0.056361">
  <testcase classname="featureFiles.Karate06" name="Karate logical operator validation" time="0.056361">
    <system-out>* def a = 10 .............................................................. passed
* def b = 20 .............................................................. passed
* assert a == 10 &amp;&amp; b == 20 ............................................... passed
* print "after insert" .................................................... passed</system-out>
  </testcase>
</testsuite>
